W, [2019-06-05T09:53:03.012639 #4104]  WARN -- : DEBUG log level not allowed in sandbox mode for security of confidential information. Changing log level to INFO...
W, [2019-06-05T09:55:18.804004 #4299]  WARN -- : DEBUG log level not allowed in sandbox mode for security of confidential information. Changing log level to INFO...
I, [2019-06-05T09:55:26.061607 #4299]  INFO -- : [03b0f9b6-cf0a-40e1-b3fe-6aee41fe89ff] Started GET "/" for 127.0.0.1 at 2019-06-05 09:55:26 +0200
I, [2019-06-05T09:55:26.067274 #4299]  INFO -- : [03b0f9b6-cf0a-40e1-b3fe-6aee41fe89ff] Processing by PagesController#landing_page as HTML
I, [2019-06-05T09:55:26.101108 #4299]  INFO -- : [03b0f9b6-cf0a-40e1-b3fe-6aee41fe89ff]   Rendering pages/landing_page.html.erb within layouts/application
I, [2019-06-05T09:55:26.112974 #4299]  INFO -- : [03b0f9b6-cf0a-40e1-b3fe-6aee41fe89ff]   Rendered pages/landing_page.html.erb within layouts/application (11.3ms)
I, [2019-06-05T09:55:26.113910 #4299]  INFO -- : [03b0f9b6-cf0a-40e1-b3fe-6aee41fe89ff] Completed 500 Internal Server Error in 46ms
F, [2019-06-05T09:55:26.117062 #4299] FATAL -- : [03b0f9b6-cf0a-40e1-b3fe-6aee41fe89ff]   
F, [2019-06-05T09:55:26.117461 #4299] FATAL -- : [03b0f9b6-cf0a-40e1-b3fe-6aee41fe89ff] ActionView::Template::Error (The asset "CGJR.jpeg" is not present in the asset pipeline.):
F, [2019-06-05T09:55:26.118634 #4299] FATAL -- : [03b0f9b6-cf0a-40e1-b3fe-6aee41fe89ff]     206:             </li>
[03b0f9b6-cf0a-40e1-b3fe-6aee41fe89ff]     207:             <li class="timeline-inverted">
[03b0f9b6-cf0a-40e1-b3fe-6aee41fe89ff]     208:               <div class="timeline-image">
[03b0f9b6-cf0a-40e1-b3fe-6aee41fe89ff]     209:                 <%= image_tag "CGJR.jpeg", :class => "rounded-circle img-fluid"   %>
[03b0f9b6-cf0a-40e1-b3fe-6aee41fe89ff]     210:               </div>
[03b0f9b6-cf0a-40e1-b3fe-6aee41fe89ff]     211:               <div class="timeline-panel">
[03b0f9b6-cf0a-40e1-b3fe-6aee41fe89ff]     212:                 <div class="timeline-heading">
F, [2019-06-05T09:55:26.119038 #4299] FATAL -- : [03b0f9b6-cf0a-40e1-b3fe-6aee41fe89ff]   
F, [2019-06-05T09:55:26.119313 #4299] FATAL -- : [03b0f9b6-cf0a-40e1-b3fe-6aee41fe89ff] app/views/pages/landing_page.html.erb:209:in `_app_views_pages_landing_page_html_erb___250300319010232584_47142831212100'
I, [2019-06-05T09:55:26.208856 #4299]  INFO -- : [6d466187-f625-424f-a2a2-f0853cca5dfa] Started GET "/favicon.ico" for 127.0.0.1 at 2019-06-05 09:55:26 +0200
F, [2019-06-05T09:55:26.211900 #4299] FATAL -- : [6d466187-f625-424f-a2a2-f0853cca5dfa]   
F, [2019-06-05T09:55:26.212285 #4299] FATAL -- : [6d466187-f625-424f-a2a2-f0853cca5dfa] ActionController::RoutingError (No route matches [GET] "/favicon.ico"):
F, [2019-06-05T09:55:26.212399 #4299] FATAL -- : [6d466187-f625-424f-a2a2-f0853cca5dfa]   
F, [2019-06-05T09:55:26.212569 #4299] FATAL -- : [6d466187-f625-424f-a2a2-f0853cca5dfa] actionpack (5.2.3) lib/action_dispatch/middleware/debug_exceptions.rb:65:in `call'
[6d466187-f625-424f-a2a2-f0853cca5dfa] actionpack (5.2.3) lib/action_dispatch/middleware/show_exceptions.rb:33:in `call'
[6d466187-f625-424f-a2a2-f0853cca5dfa] railties (5.2.3) lib/rails/rack/logger.rb:38:in `call_app'
[6d466187-f625-424f-a2a2-f0853cca5dfa] railties (5.2.3) lib/rails/rack/logger.rb:26:in `block in call'
[6d466187-f625-424f-a2a2-f0853cca5dfa] activesupport (5.2.3) lib/active_support/tagged_logging.rb:71:in `block in tagged'
[6d466187-f625-424f-a2a2-f0853cca5dfa] activesupport (5.2.3) lib/active_support/tagged_logging.rb:28:in `tagged'
[6d466187-f625-424f-a2a2-f0853cca5dfa] activesupport (5.2.3) lib/active_support/tagged_logging.rb:71:in `tagged'
[6d466187-f625-424f-a2a2-f0853cca5dfa] railties (5.2.3) lib/rails/rack/logger.rb:26:in `call'
[6d466187-f625-424f-a2a2-f0853cca5dfa] actionpack (5.2.3) lib/action_dispatch/middleware/remote_ip.rb:81:in `call'
[6d466187-f625-424f-a2a2-f0853cca5dfa] actionpack (5.2.3) lib/action_dispatch/middleware/request_id.rb:27:in `call'
[6d466187-f625-424f-a2a2-f0853cca5dfa] rack (2.0.7) lib/rack/method_override.rb:22:in `call'
[6d466187-f625-424f-a2a2-f0853cca5dfa] rack (2.0.7) lib/rack/runtime.rb:22:in `call'
[6d466187-f625-424f-a2a2-f0853cca5dfa] activesupport (5.2.3) lib/active_support/cache/strategy/local_cache_middleware.rb:29:in `call'
[6d466187-f625-424f-a2a2-f0853cca5dfa] actionpack (5.2.3) lib/action_dispatch/middleware/executor.rb:14:in `call'
[6d466187-f625-424f-a2a2-f0853cca5dfa] rack (2.0.7) lib/rack/sendfile.rb:111:in `call'
[6d466187-f625-424f-a2a2-f0853cca5dfa] railties (5.2.3) lib/rails/engine.rb:524:in `call'
[6d466187-f625-424f-a2a2-f0853cca5dfa] puma (3.12.1) lib/puma/configuration.rb:227:in `call'
[6d466187-f625-424f-a2a2-f0853cca5dfa] puma (3.12.1) lib/puma/server.rb:660:in `handle_request'
[6d466187-f625-424f-a2a2-f0853cca5dfa] puma (3.12.1) lib/puma/server.rb:474:in `process_client'
[6d466187-f625-424f-a2a2-f0853cca5dfa] puma (3.12.1) lib/puma/server.rb:334:in `block in run'
[6d466187-f625-424f-a2a2-f0853cca5dfa] puma (3.12.1) lib/puma/thread_pool.rb:135:in `block in spawn_thread'
I, [2019-06-05T10:01:32.348890 #4299]  INFO -- : [70bc3d1c-57ff-4e54-abe6-ec766f0a6309] Started GET "/" for 127.0.0.1 at 2019-06-05 10:01:32 +0200
I, [2019-06-05T10:01:32.352648 #4299]  INFO -- : [70bc3d1c-57ff-4e54-abe6-ec766f0a6309] Processing by PagesController#landing_page as HTML
I, [2019-06-05T10:01:32.359849 #4299]  INFO -- : [70bc3d1c-57ff-4e54-abe6-ec766f0a6309]   Rendering pages/landing_page.html.erb within layouts/application
I, [2019-06-05T10:01:32.367607 #4299]  INFO -- : [70bc3d1c-57ff-4e54-abe6-ec766f0a6309]   Rendered pages/landing_page.html.erb within layouts/application (7.3ms)
I, [2019-06-05T10:01:32.368237 #4299]  INFO -- : [70bc3d1c-57ff-4e54-abe6-ec766f0a6309] Completed 500 Internal Server Error in 15ms
F, [2019-06-05T10:01:32.371229 #4299] FATAL -- : [70bc3d1c-57ff-4e54-abe6-ec766f0a6309]   
F, [2019-06-05T10:01:32.371638 #4299] FATAL -- : [70bc3d1c-57ff-4e54-abe6-ec766f0a6309] ActionView::Template::Error (The asset "CGJR.jpeg" is not present in the asset pipeline.):
F, [2019-06-05T10:01:32.372796 #4299] FATAL -- : [70bc3d1c-57ff-4e54-abe6-ec766f0a6309]     206:             </li>
[70bc3d1c-57ff-4e54-abe6-ec766f0a6309]     207:             <li class="timeline-inverted">
[70bc3d1c-57ff-4e54-abe6-ec766f0a6309]     208:               <div class="timeline-image">
[70bc3d1c-57ff-4e54-abe6-ec766f0a6309]     209:                 <%= asset_path("CGJR"), :class => "rounded-circle img-fluid"   %>
[70bc3d1c-57ff-4e54-abe6-ec766f0a6309]     210:               </div>
[70bc3d1c-57ff-4e54-abe6-ec766f0a6309]     211:               <div class="timeline-panel">
[70bc3d1c-57ff-4e54-abe6-ec766f0a6309]     212:                 <div class="timeline-heading">
F, [2019-06-05T10:01:32.373188 #4299] FATAL -- : [70bc3d1c-57ff-4e54-abe6-ec766f0a6309]   
F, [2019-06-05T10:01:32.373498 #4299] FATAL -- : [70bc3d1c-57ff-4e54-abe6-ec766f0a6309] app/views/pages/landing_page.html.erb:209:in `_app_views_pages_landing_page_html_erb___250300319010232584_47142831212100'
I, [2019-06-05T10:01:34.077996 #4299]  INFO -- : [bd092cfe-c16b-4e2e-b72a-65f3f8a44518] Started GET "/" for 127.0.0.1 at 2019-06-05 10:01:34 +0200
I, [2019-06-05T10:01:34.080533 #4299]  INFO -- : [bd092cfe-c16b-4e2e-b72a-65f3f8a44518] Processing by PagesController#landing_page as HTML
I, [2019-06-05T10:01:34.086666 #4299]  INFO -- : [bd092cfe-c16b-4e2e-b72a-65f3f8a44518]   Rendering pages/landing_page.html.erb within layouts/application
I, [2019-06-05T10:01:34.093255 #4299]  INFO -- : [bd092cfe-c16b-4e2e-b72a-65f3f8a44518]   Rendered pages/landing_page.html.erb within layouts/application (6.1ms)
I, [2019-06-05T10:01:34.093907 #4299]  INFO -- : [bd092cfe-c16b-4e2e-b72a-65f3f8a44518] Completed 500 Internal Server Error in 13ms
F, [2019-06-05T10:01:34.096532 #4299] FATAL -- : [bd092cfe-c16b-4e2e-b72a-65f3f8a44518]   
F, [2019-06-05T10:01:34.096711 #4299] FATAL -- : [bd092cfe-c16b-4e2e-b72a-65f3f8a44518] ActionView::Template::Error (The asset "CGJR.jpeg" is not present in the asset pipeline.):
F, [2019-06-05T10:01:34.097525 #4299] FATAL -- : [bd092cfe-c16b-4e2e-b72a-65f3f8a44518]     206:             </li>
[bd092cfe-c16b-4e2e-b72a-65f3f8a44518]     207:             <li class="timeline-inverted">
[bd092cfe-c16b-4e2e-b72a-65f3f8a44518]     208:               <div class="timeline-image">
[bd092cfe-c16b-4e2e-b72a-65f3f8a44518]     209:                 <%= asset_path("CGJR"), :class => "rounded-circle img-fluid"   %>
[bd092cfe-c16b-4e2e-b72a-65f3f8a44518]     210:               </div>
[bd092cfe-c16b-4e2e-b72a-65f3f8a44518]     211:               <div class="timeline-panel">
[bd092cfe-c16b-4e2e-b72a-65f3f8a44518]     212:                 <div class="timeline-heading">
F, [2019-06-05T10:01:34.097663 #4299] FATAL -- : [bd092cfe-c16b-4e2e-b72a-65f3f8a44518]   
F, [2019-06-05T10:01:34.097760 #4299] FATAL -- : [bd092cfe-c16b-4e2e-b72a-65f3f8a44518] app/views/pages/landing_page.html.erb:209:in `_app_views_pages_landing_page_html_erb___250300319010232584_47142831212100'
W, [2019-06-05T10:01:48.285147 #4474]  WARN -- : DEBUG log level not allowed in sandbox mode for security of confidential information. Changing log level to INFO...
I, [2019-06-05T10:01:57.305438 #4474]  INFO -- : [f2efab8f-3b11-4014-bc91-9ed6bee74829] Started GET "/" for 127.0.0.1 at 2019-06-05 10:01:57 +0200
I, [2019-06-05T10:01:57.310185 #4474]  INFO -- : [f2efab8f-3b11-4014-bc91-9ed6bee74829] Processing by PagesController#landing_page as HTML
I, [2019-06-05T10:01:57.340085 #4474]  INFO -- : [f2efab8f-3b11-4014-bc91-9ed6bee74829]   Rendering pages/landing_page.html.erb within layouts/application
I, [2019-06-05T10:01:57.346086 #4474]  INFO -- : [f2efab8f-3b11-4014-bc91-9ed6bee74829]   Rendered pages/landing_page.html.erb within layouts/application (5.5ms)
I, [2019-06-05T10:01:57.346842 #4474]  INFO -- : [f2efab8f-3b11-4014-bc91-9ed6bee74829] Completed 500 Internal Server Error in 36ms
F, [2019-06-05T10:01:57.350008 #4474] FATAL -- : [f2efab8f-3b11-4014-bc91-9ed6bee74829]   
F, [2019-06-05T10:01:57.350217 #4474] FATAL -- : [f2efab8f-3b11-4014-bc91-9ed6bee74829] SyntaxError (/home/ouss/Bureau/Projet P/Gracie/Projet_Gracie/app/views/pages/landing_page.html.erb:100: syntax error, unexpected ',', expecting ')'
...fer.append=( asset_path("GB1"), :class => "img-fluid"   );@o...
...                              ^
/home/ouss/Bureau/Projet P/Gracie/Projet_Gracie/app/views/pages/landing_page.html.erb:114: syntax error, unexpected ',', expecting ')'
...fer.append=( asset_path("GB2"), :class => "img-fluid"   );@o...
...                              ^
/home/ouss/Bureau/Projet P/Gracie/Projet_Gracie/app/views/pages/landing_page.html.erb:128: syntax error, unexpected ',', expecting ')'
...fer.append=( asset_path("GB3"), :class => "img-fluid"   );@o...
...                              ^
/home/ouss/Bureau/Projet P/Gracie/Projet_Gracie/app/views/pages/landing_page.html.erb:142: syntax error, unexpected ',', expecting ')'
...er.append=( asset_path("GBNG"), :class => "img-fluid"   );@o...
...                              ^
/home/ouss/Bureau/Projet P/Gracie/Projet_Gracie/app/views/pages/landing_page.html.erb:156: syntax error, unexpected ',', expecting ')'
...fer.append=( asset_path("GBK"), :class => "img-fluid"   );@o...
...                              ^
/home/ouss/Bureau/Projet P/Gracie/Projet_Gracie/app/views/pages/landing_page.html.erb:170: syntax error, unexpected ',', expecting ')'
...r.append=( asset_path("GBFIT"), :class => "img-fluid"   );@o...
...                              ^
/home/ouss/Bureau/Projet P/Gracie/Projet_Gracie/app/views/pages/landing_page.html.erb:195: syntax error, unexpected ',', expecting ')'
...r.append=( asset_path("CGSNR"), :class => "rounded-circle im...
...                              ^
/home/ouss/Bureau/Projet P/Gracie/Projet_Gracie/app/views/pages/landing_page.html.erb:209: syntax error, unexpected ',', expecting ')'
...er.append=( asset_path("CGJR"), :class => "rounded-circle im...
...                              ^
/home/ouss/Bureau/Projet P/Gracie/Projet_Gracie/app/views/pages/landing_page.html.erb:223: syntax error, unexpected ',', expecting ')'
...ffer.append=( asset_path("JC"), :class => "rounded-circle im...
...                              ^
/home/ouss/Bureau/Projet P/Gracie/Projet_Gracie/app/views/pages/landing_page.html.erb:238: syntax error, unexpected ',', expecting ')'
...er.append=( asset_path("GBHQ"), :class => "img-fluid rounded...
...                              ^
/home/ouss/Bureau/Projet P/Gracie/Projet_Gracie/app/views/pages/landing_page.html.erb:252: syntax error, unexpected ',', expecting ')'
...append=( asset_path("gb-logo"), :class => "img-fluid rounded...
...                              ^
/home/ouss/Bureau/Projet P/Gracie/Projet_Gracie/app/views/pages/landing_page.html.erb:273: syntax error, unexpected ',', expecting ')'
...fer.append=( asset_path("JCT"), :class => "mx-auto rounded-c...
...                              ^
/home/ouss/Bureau/Projet P/Gracie/Projet_Gracie/app/views/pages/landing_page.html.erb:297: syntax error, unexpected ',', expecting ')'
...r.append=( asset_path("lucas"), :class => "mx-auto rounded-c...
...                              ^
/home/ouss/Bureau/Projet P/Gracie/Projet_Gracie/app/views/pages/landing_page.html.erb:321: syntax error, unexpected ',', expecting ')'
...ffer.append=( asset_path("WA"), :class => "mx-auto rounded-c...
...                              ^):
F, [2019-06-05T10:01:57.350358 #4474] FATAL -- : [f2efab8f-3b11-4014-bc91-9ed6bee74829]   
F, [2019-06-05T10:01:57.350521 #4474] FATAL -- : [f2efab8f-3b11-4014-bc91-9ed6bee74829] app/views/pages/landing_page.html.erb:100: syntax error, unexpected ',', expecting ')'
[f2efab8f-3b11-4014-bc91-9ed6bee74829] app/views/pages/landing_page.html.erb:114: syntax error, unexpected ',', expecting ')'
[f2efab8f-3b11-4014-bc91-9ed6bee74829] app/views/pages/landing_page.html.erb:128: syntax error, unexpected ',', expecting ')'
[f2efab8f-3b11-4014-bc91-9ed6bee74829] app/views/pages/landing_page.html.erb:142: syntax error, unexpected ',', expecting ')'
[f2efab8f-3b11-4014-bc91-9ed6bee74829] app/views/pages/landing_page.html.erb:156: syntax error, unexpected ',', expecting ')'
[f2efab8f-3b11-4014-bc91-9ed6bee74829] app/views/pages/landing_page.html.erb:170: syntax error, unexpected ',', expecting ')'
[f2efab8f-3b11-4014-bc91-9ed6bee74829] app/views/pages/landing_page.html.erb:195: syntax error, unexpected ',', expecting ')'
[f2efab8f-3b11-4014-bc91-9ed6bee74829] app/views/pages/landing_page.html.erb:209: syntax error, unexpected ',', expecting ')'
[f2efab8f-3b11-4014-bc91-9ed6bee74829] app/views/pages/landing_page.html.erb:223: syntax error, unexpected ',', expecting ')'
[f2efab8f-3b11-4014-bc91-9ed6bee74829] app/views/pages/landing_page.html.erb:238: syntax error, unexpected ',', expecting ')'
[f2efab8f-3b11-4014-bc91-9ed6bee74829] app/views/pages/landing_page.html.erb:252: syntax error, unexpected ',', expecting ')'
[f2efab8f-3b11-4014-bc91-9ed6bee74829] app/views/pages/landing_page.html.erb:273: syntax error, unexpected ',', expecting ')'
[f2efab8f-3b11-4014-bc91-9ed6bee74829] app/views/pages/landing_page.html.erb:297: syntax error, unexpected ',', expecting ')'
[f2efab8f-3b11-4014-bc91-9ed6bee74829] app/views/pages/landing_page.html.erb:321: syntax error, unexpected ',', expecting ')'
I, [2019-06-05T10:02:03.710800 #4474]  INFO -- : [f662b38d-a5fa-45b1-8d0d-1e4f60c430ca] Started GET "/users/sign_in" for 127.0.0.1 at 2019-06-05 10:02:03 +0200
I, [2019-06-05T10:02:03.714637 #4474]  INFO -- : [f662b38d-a5fa-45b1-8d0d-1e4f60c430ca] Processing by Devise::SessionsController#new as HTML
I, [2019-06-05T10:02:03.756147 #4474]  INFO -- : [f662b38d-a5fa-45b1-8d0d-1e4f60c430ca] Completed 500 Internal Server Error in 41ms
F, [2019-06-05T10:02:03.761299 #4474] FATAL -- : [f662b38d-a5fa-45b1-8d0d-1e4f60c430ca]   
F, [2019-06-05T10:02:03.761601 #4474] FATAL -- : [f662b38d-a5fa-45b1-8d0d-1e4f60c430ca] PG::ConnectionBad (FATAL:  authentification peer échouée pour l'utilisateur « gracie-ha-app »
):
F, [2019-06-05T10:02:03.761710 #4474] FATAL -- : [f662b38d-a5fa-45b1-8d0d-1e4f60c430ca]   
F, [2019-06-05T10:02:03.761899 #4474] FATAL -- : [f662b38d-a5fa-45b1-8d0d-1e4f60c430ca] pg (1.1.4) lib/pg.rb:56:in `initialize'
[f662b38d-a5fa-45b1-8d0d-1e4f60c430ca] pg (1.1.4) lib/pg.rb:56:in `new'
[f662b38d-a5fa-45b1-8d0d-1e4f60c430ca] pg (1.1.4) lib/pg.rb:56:in `connect'
[f662b38d-a5fa-45b1-8d0d-1e4f60c430ca] activerecord (5.2.3) lib/active_record/connection_adapters/postgresql_adapter.rb:692:in `connect'
[f662b38d-a5fa-45b1-8d0d-1e4f60c430ca] activerecord (5.2.3) lib/active_record/connection_adapters/postgresql_adapter.rb:223:in `initialize'
[f662b38d-a5fa-45b1-8d0d-1e4f60c430ca] activerecord (5.2.3) lib/active_record/connection_adapters/postgresql_adapter.rb:48:in `new'
[f662b38d-a5fa-45b1-8d0d-1e4f60c430ca] activerecord (5.2.3) lib/active_record/connection_adapters/postgresql_adapter.rb:48:in `postgresql_connection'
[f662b38d-a5fa-45b1-8d0d-1e4f60c430ca] activerecord (5.2.3) lib/active_record/connection_adapters/abstract/connection_pool.rb:811:in `new_connection'
[f662b38d-a5fa-45b1-8d0d-1e4f60c430ca] activerecord (5.2.3) lib/active_record/connection_adapters/abstract/connection_pool.rb:855:in `checkout_new_connection'
[f662b38d-a5fa-45b1-8d0d-1e4f60c430ca] activerecord (5.2.3) lib/active_record/connection_adapters/abstract/connection_pool.rb:834:in `try_to_checkout_new_connection'
[f662b38d-a5fa-45b1-8d0d-1e4f60c430ca] activerecord (5.2.3) lib/active_record/connection_adapters/abstract/connection_pool.rb:795:in `acquire_connection'
[f662b38d-a5fa-45b1-8d0d-1e4f60c430ca] activerecord (5.2.3) lib/active_record/connection_adapters/abstract/connection_pool.rb:523:in `checkout'
[f662b38d-a5fa-45b1-8d0d-1e4f60c430ca] activerecord (5.2.3) lib/active_record/connection_adapters/abstract/connection_pool.rb:382:in `connection'
[f662b38d-a5fa-45b1-8d0d-1e4f60c430ca] activerecord (5.2.3) lib/active_record/connection_adapters/abstract/connection_pool.rb:1014:in `retrieve_connection'
[f662b38d-a5fa-45b1-8d0d-1e4f60c430ca] activerecord (5.2.3) lib/active_record/connection_handling.rb:118:in `retrieve_connection'
[f662b38d-a5fa-45b1-8d0d-1e4f60c430ca] activerecord (5.2.3) lib/active_record/connection_handling.rb:90:in `connection'
[f662b38d-a5fa-45b1-8d0d-1e4f60c430ca] activerecord (5.2.3) lib/active_record/model_schema.rb:466:in `load_schema!'
[f662b38d-a5fa-45b1-8d0d-1e4f60c430ca] activerecord (5.2.3) lib/active_record/attributes.rb:234:in `load_schema!'
[f662b38d-a5fa-45b1-8d0d-1e4f60c430ca] activerecord (5.2.3) lib/active_record/attribute_decorators.rb:51:in `load_schema!'
[f662b38d-a5fa-45b1-8d0d-1e4f60c430ca] activerecord (5.2.3) lib/active_record/model_schema.rb:459:in `block in load_schema'
[f662b38d-a5fa-45b1-8d0d-1e4f60c430ca] /home/ouss/.rvm/rubies/ruby-2.5.1/lib/ruby/2.5.0/monitor.rb:226:in `mon_synchronize'
[f662b38d-a5fa-45b1-8d0d-1e4f60c430ca] activerecord (5.2.3) lib/active_record/model_schema.rb:456:in `load_schema'
[f662b38d-a5fa-45b1-8d0d-1e4f60c430ca] activerecord (5.2.3) lib/active_record/model_schema.rb:346:in `attribute_types'
[f662b38d-a5fa-45b1-8d0d-1e4f60c430ca] activerecord (5.2.3) lib/active_record/attribute_methods.rb:230:in `has_attribute?'
[f662b38d-a5fa-45b1-8d0d-1e4f60c430ca] activerecord (5.2.3) lib/active_record/inheritance.rb:55:in `new'
[f662b38d-a5fa-45b1-8d0d-1e4f60c430ca] devise (4.6.2) app/controllers/devise/sessions_controller.rb:11:in `new'
[f662b38d-a5fa-45b1-8d0d-1e4f60c430ca] actionpack (5.2.3) lib/action_controller/metal/basic_implicit_render.rb:6:in `send_action'
[f662b38d-a5fa-45b1-8d0d-1e4f60c430ca] actionpack (5.2.3) lib/abstract_controller/base.rb:194:in `process_action'
[f662b38d-a5fa-45b1-8d0d-1e4f60c430ca] actionpack (5.2.3) lib/action_controller/metal/rendering.rb:30:in `process_action'
[f662b38d-a5fa-45b1-8d0d-1e4f60c430ca] actionpack (5.2.3) lib/abstract_controller/callbacks.rb:42:in `block in process_action'
[f662b38d-a5fa-45b1-8d0d-1e4f60c430ca] activesupport (5.2.3) lib/active_support/callbacks.rb:132:in `run_callbacks'
[f662b38d-a5fa-45b1-8d0d-1e4f60c430ca] actionpack (5.2.3) lib/abstract_controller/callbacks.rb:41:in `process_action'
[f662b38d-a5fa-45b1-8d0d-1e4f60c430ca] actionpack (5.2.3) lib/action_controller/metal/rescue.rb:22:in `process_action'
[f662b38d-a5fa-45b1-8d0d-1e4f60c430ca] actionpack (5.2.3) lib/action_controller/metal/instrumentation.rb:34:in `block in process_action'
[f662b38d-a5fa-45b1-8d0d-1e4f60c430ca] activesupport (5.2.3) lib/active_support/notifications.rb:168:in `block in instrument'
[f662b38d-a5fa-45b1-8d0d-1e4f60c430ca] activesupport (5.2.3) lib/active_support/notifications/instrumenter.rb:23:in `instrument'
[f662b38d-a5fa-45b1-8d0d-1e4f60c430ca] activesupport (5.2.3) lib/active_support/notifications.rb:168:in `instrument'
[f662b38d-a5fa-45b1-8d0d-1e4f60c430ca] actionpack (5.2.3) lib/action_controller/metal/instrumentation.rb:32:in `process_action'
[f662b38d-a5fa-45b1-8d0d-1e4f60c430ca] actionpack (5.2.3) lib/action_controller/metal/params_wrapper.rb:256:in `process_action'
[f662b38d-a5fa-45b1-8d0d-1e4f60c430ca] activerecord (5.2.3) lib/active_record/railties/controller_runtime.rb:24:in `process_action'
[f662b38d-a5fa-45b1-8d0d-1e4f60c430ca] actionpack (5.2.3) lib/abstract_controller/base.rb:134:in `process'
[f662b38d-a5fa-45b1-8d0d-1e4f60c430ca] actionview (5.2.3) lib/action_view/rendering.rb:32:in `process'
[f662b38d-a5fa-45b1-8d0d-1e4f60c430ca] actionpack (5.2.3) lib/action_controller/metal.rb:191:in `dispatch'
[f662b38d-a5fa-45b1-8d0d-1e4f60c430ca] actionpack (5.2.3) lib/action_controller/metal.rb:252:in `dispatch'
[f662b38d-a5fa-45b1-8d0d-1e4f60c430ca] actionpack (5.2.3) lib/action_dispatch/routing/route_set.rb:52:in `dispatch'
[f662b38d-a5fa-45b1-8d0d-1e4f60c430ca] actionpack (5.2.3) lib/action_dispatch/routing/route_set.rb:34:in `serve'
[f662b38d-a5fa-45b1-8d0d-1e4f60c430ca] actionpack (5.2.3) lib/action_dispatch/routing/mapper.rb:18:in `block in <class:Constraints>'
[f662b38d-a5fa-45b1-8d0d-1e4f60c430ca] actionpack (5.2.3) lib/action_dispatch/routing/mapper.rb:48:in `serve'
[f662b38d-a5fa-45b1-8d0d-1e4f60c430ca] actionpack (5.2.3) lib/action_dispatch/journey/router.rb:52:in `block in serve'
[f662b38d-a5fa-45b1-8d0d-1e4f60c430ca] actionpack (5.2.3) lib/action_dispatch/journey/router.rb:35:in `each'
[f662b38d-a5fa-45b1-8d0d-1e4f60c430ca] actionpack (5.2.3) lib/action_dispatch/journey/router.rb:35:in `serve'
[f662b38d-a5fa-45b1-8d0d-1e4f60c430ca] actionpack (5.2.3) lib/action_dispatch/routing/route_set.rb:840:in `call'
[f662b38d-a5fa-45b1-8d0d-1e4f60c430ca] omniauth (1.9.0) lib/omniauth/strategy.rb:192:in `call!'
[f662b38d-a5fa-45b1-8d0d-1e4f60c430ca] omniauth (1.9.0) lib/omniauth/strategy.rb:169:in `call'
[f662b38d-a5fa-45b1-8d0d-1e4f60c430ca] warden (1.2.8) lib/warden/manager.rb:36:in `block in call'
[f662b38d-a5fa-45b1-8d0d-1e4f60c430ca] warden (1.2.8) lib/warden/manager.rb:34:in `catch'
[f662b38d-a5fa-45b1-8d0d-1e4f60c430ca] warden (1.2.8) lib/warden/manager.rb:34:in `call'
[f662b38d-a5fa-45b1-8d0d-1e4f60c430ca] rack (2.0.7) lib/rack/tempfile_reaper.rb:15:in `call'
[f662b38d-a5fa-45b1-8d0d-1e4f60c430ca] rack (2.0.7) lib/rack/etag.rb:25:in `call'
[f662b38d-a5fa-45b1-8d0d-1e4f60c430ca] rack (2.0.7) lib/rack/conditional_get.rb:25:in `call'
[f662b38d-a5fa-45b1-8d0d-1e4f60c430ca] rack (2.0.7) lib/rack/head.rb:12:in `call'
[f662b38d-a5fa-45b1-8d0d-1e4f60c430ca] actionpack (5.2.3) lib/action_dispatch/http/content_security_policy.rb:18:in `call'
[f662b38d-a5fa-45b1-8d0d-1e4f60c430ca] rack (2.0.7) lib/rack/session/abstract/id.rb:232:in `context'
[f662b38d-a5fa-45b1-8d0d-1e4f60c430ca] rack (2.0.7) lib/rack/session/abstract/id.rb:226:in `call'
[f662b38d-a5fa-45b1-8d0d-1e4f60c430ca] actionpack (5.2.3) lib/action_dispatch/middleware/cookies.rb:670:in `call'
[f662b38d-a5fa-45b1-8d0d-1e4f60c430ca] actionpack (5.2.3) lib/action_dispatch/middleware/callbacks.rb:28:in `block in call'
[f662b38d-a5fa-45b1-8d0d-1e4f60c430ca] activesupport (5.2.3) lib/active_support/callbacks.rb:98:in `run_callbacks'
[f662b38d-a5fa-45b1-8d0d-1e4f60c430ca] actionpack (5.2.3) lib/action_dispatch/middleware/callbacks.rb:26:in `call'
[f662b38d-a5fa-45b1-8d0d-1e4f60c430ca] actionpack (5.2.3) lib/action_dispatch/middleware/debug_exceptions.rb:61:in `call'
[f662b38d-a5fa-45b1-8d0d-1e4f60c430ca] actionpack (5.2.3) lib/action_dispatch/middleware/show_exceptions.rb:33:in `call'
[f662b38d-a5fa-45b1-8d0d-1e4f60c430ca] railties (5.2.3) lib/rails/rack/logger.rb:38:in `call_app'
[f662b38d-a5fa-45b1-8d0d-1e4f60c430ca] railties (5.2.3) lib/rails/rack/logger.rb:26:in `block in call'
[f662b38d-a5fa-45b1-8d0d-1e4f60c430ca] activesupport (5.2.3) lib/active_support/tagged_logging.rb:71:in `block in tagged'
[f662b38d-a5fa-45b1-8d0d-1e4f60c430ca] activesupport (5.2.3) lib/active_support/tagged_logging.rb:28:in `tagged'
[f662b38d-a5fa-45b1-8d0d-1e4f60c430ca] activesupport (5.2.3) lib/active_support/tagged_logging.rb:71:in `tagged'
[f662b38d-a5fa-45b1-8d0d-1e4f60c430ca] railties (5.2.3) lib/rails/rack/logger.rb:26:in `call'
[f662b38d-a5fa-45b1-8d0d-1e4f60c430ca] actionpack (5.2.3) lib/action_dispatch/middleware/remote_ip.rb:81:in `call'
[f662b38d-a5fa-45b1-8d0d-1e4f60c430ca] actionpack (5.2.3) lib/action_dispatch/middleware/request_id.rb:27:in `call'
[f662b38d-a5fa-45b1-8d0d-1e4f60c430ca] rack (2.0.7) lib/rack/method_override.rb:22:in `call'
[f662b38d-a5fa-45b1-8d0d-1e4f60c430ca] rack (2.0.7) lib/rack/runtime.rb:22:in `call'
[f662b38d-a5fa-45b1-8d0d-1e4f60c430ca] activesupport (5.2.3) lib/active_support/cache/strategy/local_cache_middleware.rb:29:in `call'
[f662b38d-a5fa-45b1-8d0d-1e4f60c430ca] actionpack (5.2.3) lib/action_dispatch/middleware/executor.rb:14:in `call'
[f662b38d-a5fa-45b1-8d0d-1e4f60c430ca] rack (2.0.7) lib/rack/sendfile.rb:111:in `call'
[f662b38d-a5fa-45b1-8d0d-1e4f60c430ca] railties (5.2.3) lib/rails/engine.rb:524:in `call'
[f662b38d-a5fa-45b1-8d0d-1e4f60c430ca] puma (3.12.1) lib/puma/configuration.rb:227:in `call'
[f662b38d-a5fa-45b1-8d0d-1e4f60c430ca] puma (3.12.1) lib/puma/server.rb:660:in `handle_request'
[f662b38d-a5fa-45b1-8d0d-1e4f60c430ca] puma (3.12.1) lib/puma/server.rb:474:in `process_client'
[f662b38d-a5fa-45b1-8d0d-1e4f60c430ca] puma (3.12.1) lib/puma/server.rb:334:in `block in run'
[f662b38d-a5fa-45b1-8d0d-1e4f60c430ca] puma (3.12.1) lib/puma/thread_pool.rb:135:in `block in spawn_thread'
